Traceback (most recent call last):
  File "/home/runner/work/numerical-analysis/numerical-analysis/venv/lib/python3.11/site-packages/jupyter_cache/executors/utils.py", line 58, in single_nb_execution
    executenb(
  File "/home/runner/work/numerical-analysis/numerical-analysis/venv/lib/python3.11/site-packages/nbclient/client.py", line 1319, in execute
    return NotebookClient(nb=nb, resources=resources, km=km, **kwargs).execute()
           ^^^^^^^^^^^^^^^^^^^^^^^^^^^^^^^^^^^^^^^^^^^^^^^^^^^^^^^^^^^^^^^^^^^^^
  File "/home/runner/work/numerical-analysis/numerical-analysis/venv/lib/python3.11/site-packages/jupyter_core/utils/__init__.py", line 165, in wrapped
    return loop.run_until_complete(inner)
           ^^^^^^^^^^^^^^^^^^^^^^^^^^^^^^
  File "/opt/hostedtoolcache/Python/3.11.11/x64/lib/python3.11/asyncio/base_events.py", line 654, in run_until_complete
    return future.result()
           ^^^^^^^^^^^^^^^
  File "/home/runner/work/numerical-analysis/numerical-analysis/venv/lib/python3.11/site-packages/nbclient/client.py", line 709, in async_execute
    await self.async_execute_cell(
  File "/home/runner/work/numerical-analysis/numerical-analysis/venv/lib/python3.11/site-packages/nbclient/client.py", line 1062, in async_execute_cell
    await self._check_raise_for_error(cell, cell_index, exec_reply)
  File "/home/runner/work/numerical-analysis/numerical-analysis/venv/lib/python3.11/site-packages/nbclient/client.py", line 918, in _check_raise_for_error
    raise CellExecutionError.from_cell_and_msg(cell, exec_reply_content)
nbclient.exceptions.CellExecutionError: An error occurred while executing the following cell:
------------------
import numtoolkit.spectral as sp
import numpy as np

def f(x):
    return np.exp(-((x - 0.1) ** 2))

def df(x):
    return -2 * (x - 0.1) * f(x)

def df2(x):
    return -2 * (1 - 2.*(x - 0.1)**2) * f(x)
------------------


[0;31m---------------------------------------------------------------------------[0m
[0;31mModuleNotFoundError[0m                       Traceback (most recent call last)
Cell [0;32mIn[1], line 1[0m
[0;32m----> 1[0m [38;5;28;01mimport[39;00m[38;5;250m [39m[38;5;21;01mnumtoolkit[39;00m[38;5;21;01m.[39;00m[38;5;21;01mspectral[39;00m[38;5;250m [39m[38;5;28;01mas[39;00m[38;5;250m [39m[38;5;21;01msp[39;00m
[1;32m      2[0m [38;5;28;01mimport[39;00m[38;5;250m [39m[38;5;21;01mnumpy[39;00m[38;5;250m [39m[38;5;28;01mas[39;00m[38;5;250m [39m[38;5;21;01mnp[39;00m
[1;32m      4[0m [38;5;28;01mdef[39;00m[38;5;250m [39m[38;5;21mf[39m(x):

File [0;32m~/work/numerical-analysis/numerical-analysis/venv/lib/python3.11/site-packages/numtoolkit/spectral.py:6[0m
[1;32m      4[0m [38;5;28;01mimport[39;00m[38;5;250m [39m[38;5;21;01mnumpy[39;00m[38;5;250m [39m[38;5;28;01mas[39;00m[38;5;250m [39m[38;5;21;01mnp[39;00m
[1;32m      5[0m [38;5;28;01mfrom[39;00m[38;5;250m [39m[38;5;21;01mnumpy[39;00m[38;5;21;01m.[39;00m[38;5;21;01mpolynomial[39;00m[38;5;250m [39m[38;5;28;01mimport[39;00m chebyshev
[0;32m----> 6[0m [38;5;28;01mfrom[39;00m[38;5;250m [39m[38;5;21;01mscipy[39;00m[38;5;21;01m.[39;00m[38;5;21;01mlinalg[39;00m[38;5;250m [39m[38;5;28;01mimport[39;00m toeplitz
[1;32m      7[0m [38;5;28;01mfrom[39;00m[38;5;250m [39m[38;5;21;01mnumtoolkit[39;00m[38;5;21;01m.[39;00m[38;5;21;01m_dev[39;00m[38;5;250m [39m[38;5;28;01mimport[39;00m lazyprop
[1;32m     10[0m [38;5;28;01mclass[39;00m[38;5;250m [39m[38;5;21;01mChebCollocation[39;00m:

[0;31mModuleNotFoundError[0m: No module named 'scipy'

